>>> print_square = __import__('4-print_square').print_square

>>> print_square(3)
###
###
###

>>> print_square(1)
#

>>> print_square(0)

>>> print_square("3")
Traceback (most recent call last):
  File "/home/androc/holbertonschool-higher_level_programming/python-test_driven_development/4-print_square.py", line 2, in print_square
    raise TypeError("size must be an integer")
TypeError: size must be an integer

>>> print_square(-3)
Traceback (most recent call last):
  File "/home/androc/holbertonschool-higher_level_programming/python-test_driven_development/4-print_square.py", line 4, in print_square
    raise ValueError("size must be >= 0")
ValueError: size must be >= 0

>>> print_square(3.5)
Traceback (most recent call last):
  File "/home/androc/holbertonschool-higher_level_programming/python-test_driven_development/4-print_square.py", line 2, in print_square
    raise TypeError("size must be an integer")
TypeError: size must be an integer

>>> print_square()
Traceback (most recent call last):
  File "/home/androc/holbertonschool-higher_level_programming/python-test_driven_development/./4-main.py", line 4, in <module>
    print_square()
TypeError: print_square() missing 1 required positional argument: 'size'